
Warning： 找不到package.json文件(不影响转换，无视这条)

miniprogram to uni-app 转换日志

---基本信息---
时间: 2020-04-30 16:35:03
语言: Javascript
转换模式: Hbuilder X
是否转换wxs文件: false

---小程序基本信息---
name: wordMiniProgram
version: 
description: 
appid: wx92e8b884081a3596
projectname: 
compileType: miniprogram
author: 

---目录信息---
sourceFolder: /Users/bing/lhbWordMiniProgram
targetFolder: /Users/bing/lhbWordMiniProgram_uni
outputFolder: /Users/bing/lhbWordMiniProgram_uni
miniprogramRoot: /Users/bing/lhbWordMiniProgram

---日志信息---
wxParse: ()      file: /Users/bing/lhbWordMiniProgram/wxParse/pages/index/index.js
[Error]  工具能力有限！此行代码转换后可能会报错，需手动调试修复:  WxParse.wxParse('reply' + i, 'html', replyArr[i], that)     file:  wxParse/pages/index/index.js
wxParse: ()      file: /Users/bing/lhbWordMiniProgram/wxParse/pages/index/index.js
Error:    TypeError: Cannot read property 'length' of null   source: astDataPath.get("body.body.0.argument.properties")    file: /Users/bing/lhbWordMiniProgram/wxParse/pages/index/index.js
wxParse: ()      file: /Users/bing/lhbWordMiniProgram/wxParse/pages/lab/lab.js
wxParse: ()      file: /Users/bing/lhbWordMiniProgram/wxParse/pages/lab/lab.js
wxParse: ()      file: /Users/bing/lhbWordMiniProgram/wxParse/pages/lab/lab.js
[Warning] image漏网之鱼:    src--> "https://uimg.gximg.cn/v/res/201906/11-11/paihang0{{idx + 1}}@3x.png"     file--> pages/wtest/rank.wxml
[命名替换]:  _toggleModal  -->  toggleModalFun    file: component/easyModal/base/baseModal.js
[命名替换]:  _toggleModal  -->  toggleModalFun    file: component/easyModal/base/baseModal.js
[命名替换]:  _executeAnimation  -->  executeAnimationFun    file: component/easyModal/base/baseModal.js

转换完成: 
耗时：7798ms
当前转换模式：【Hbuilder X】，生成HbuilderX项目。
优点：上手快，项目结构较简单；
缺点：资源路径会因为表达式而无法全部被修复(需手动修复)

注意：
1.当看到"image漏网之鱼"，意味着您"可能"需要手动调整对应代码(以实际编译运行为准)，当image标签的src属性是含变量或表达式，工具还无法做到100%转换，需要手动修改为相对/static目录的路径


日志说明：
1. image漏网之鱼 --> 为HbuilderX模式时，需要将资源移动到static，并且修复相应文件路径，有可能src为网络文件，有可能为变量或表达式，可能会导致转换后文件找不到，因此提示一下
修复提示：编译时，如有报错就将对应位置修复即可(虽然目前uni-app有类似的支持，似乎并不完善)
2. 命名替换 --> 小程序里对于属性名基本没什么限制，如id能做属性名，data下面的变量和函数名还能重名，但这些在uni-app里是不支持的，因此做了相关替换，并记录日志，也许组件在外部调用时，函数名被改而因此报错时，请查看此文档
